<?xml version="1.0" encoding="UTF-8"?>
<testsuite xmlns:xsi="http://www.w3.org/2001/XMLSchema-instance" xsi:noNamespaceSchemaLocation="https://maven.apache.org/surefire/maven-surefire-plugin/xsd/surefire-test-report-3.0.xsd" version="3.0" name="MainTests" time="0.25" tests="8" errors="8" skipped="0" failures="0">
  <properties>
    <property name="java.specification.version" value="17"/>
    <property name="sun.cpu.isalist" value="amd64"/>
    <property name="sun.jnu.encoding" value="Cp1251"/>
    <property name="java.class.path" value="C:\Users\zaver\IdeaProjects\CreditCalculator\target\test-classes;C:\Users\zaver\IdeaProjects\CreditCalculator\target\classes;C:\Users\zaver\.m2\repository\org\junit\jupiter\junit-jupiter-engine\5.8.2\junit-jupiter-engine-5.8.2.jar;C:\Users\zaver\.m2\repository\org\junit\platform\junit-platform-engine\1.8.2\junit-platform-engine-1.8.2.jar;C:\Users\zaver\.m2\repository\org\opentest4j\opentest4j\1.2.0\opentest4j-1.2.0.jar;C:\Users\zaver\.m2\repository\org\junit\platform\junit-platform-commons\1.8.2\junit-platform-commons-1.8.2.jar;C:\Users\zaver\.m2\repository\org\junit\jupiter\junit-jupiter-api\5.8.2\junit-jupiter-api-5.8.2.jar;C:\Users\zaver\.m2\repository\org\apiguardian\apiguardian-api\1.1.2\apiguardian-api-1.1.2.jar;C:\Users\zaver\.m2\repository\org\junit\jupiter\junit-jupiter-params\5.8.2\junit-jupiter-params-5.8.2.jar;C:\Users\zaver\.m2\repository\org\hamcrest\hamcrest-all\1.3\hamcrest-all-1.3.jar;"/>
    <property name="java.vm.vendor" value="Amazon.com Inc."/>
    <property name="sun.arch.data.model" value="64"/>
    <property name="user.variant" value=""/>
    <property name="java.vendor.url" value="https://aws.amazon.com/corretto/"/>
    <property name="user.timezone" value="Europe/Berlin"/>
    <property name="os.name" value="Windows 10"/>
    <property name="java.vm.specification.version" value="17"/>
    <property name="sun.java.launcher" value="SUN_STANDARD"/>
    <property name="user.country" value="RU"/>
    <property name="sun.boot.library.path" value="C:\Users\zaver\.jdks\corretto-17.0.3\bin"/>
    <property name="sun.java.command" value="C:\Users\zaver\AppData\Local\Temp\surefire489832516896422807\surefirebooter11686762189276531645.jar C:\Users\zaver\AppData\Local\Temp\surefire489832516896422807 2022-05-21T00-33-56_516-jvmRun1 surefire13459326349773810224tmp surefire_010038361234328032074tmp"/>
    <property name="jdk.debug" value="release"/>
    <property name="surefire.test.class.path" value="C:\Users\zaver\IdeaProjects\CreditCalculator\target\test-classes;C:\Users\zaver\IdeaProjects\CreditCalculator\target\classes;C:\Users\zaver\.m2\repository\org\junit\jupiter\junit-jupiter-engine\5.8.2\junit-jupiter-engine-5.8.2.jar;C:\Users\zaver\.m2\repository\org\junit\platform\junit-platform-engine\1.8.2\junit-platform-engine-1.8.2.jar;C:\Users\zaver\.m2\repository\org\opentest4j\opentest4j\1.2.0\opentest4j-1.2.0.jar;C:\Users\zaver\.m2\repository\org\junit\platform\junit-platform-commons\1.8.2\junit-platform-commons-1.8.2.jar;C:\Users\zaver\.m2\repository\org\junit\jupiter\junit-jupiter-api\5.8.2\junit-jupiter-api-5.8.2.jar;C:\Users\zaver\.m2\repository\org\apiguardian\apiguardian-api\1.1.2\apiguardian-api-1.1.2.jar;C:\Users\zaver\.m2\repository\org\junit\jupiter\junit-jupiter-params\5.8.2\junit-jupiter-params-5.8.2.jar;C:\Users\zaver\.m2\repository\org\hamcrest\hamcrest-all\1.3\hamcrest-all-1.3.jar;"/>
    <property name="sun.cpu.endian" value="little"/>
    <property name="user.home" value="C:\Users\zaver"/>
    <property name="user.language" value="ru"/>
    <property name="java.specification.vendor" value="Oracle Corporation"/>
    <property name="java.version.date" value="2022-04-19"/>
    <property name="java.home" value="C:\Users\zaver\.jdks\corretto-17.0.3"/>
    <property name="file.separator" value="\"/>
    <property name="basedir" value="C:\Users\zaver\IdeaProjects\CreditCalculator"/>
    <property name="java.vm.compressedOopsMode" value="32-bit"/>
    <property name="line.separator" value="&#10;"/>
    <property name="java.vm.specification.vendor" value="Oracle Corporation"/>
    <property name="java.specification.name" value="Java Platform API Specification"/>
    <property name="surefire.real.class.path" value="C:\Users\zaver\AppData\Local\Temp\surefire489832516896422807\surefirebooter11686762189276531645.jar"/>
    <property name="user.script" value=""/>
    <property name="sun.management.compiler" value="HotSpot 64-Bit Tiered Compilers"/>
    <property name="java.runtime.version" value="17.0.3+6-LTS"/>
    <property name="user.name" value="zaver"/>
    <property name="path.separator" value=";"/>
    <property name="os.version" value="10.0"/>
    <property name="java.runtime.name" value="OpenJDK Runtime Environment"/>
    <property name="file.encoding" value="Cp1251"/>
    <property name="java.vm.name" value="OpenJDK 64-Bit Server VM"/>
    <property name="java.vendor.version" value="Corretto-17.0.3.6.1"/>
    <property name="localRepository" value="C:\Users\zaver\.m2\repository"/>
    <property name="java.vendor.url.bug" value="https://github.com/corretto/corretto-17/issues/"/>
    <property name="java.io.tmpdir" value="C:\Users\zaver\AppData\Local\Temp\"/>
    <property name="idea.version" value="2022.1.1"/>
    <property name="java.version" value="17.0.3"/>
    <property name="user.dir" value="C:\Users\zaver\IdeaProjects\CreditCalculator"/>
    <property name="os.arch" value="amd64"/>
    <property name="java.vm.specification.name" value="Java Virtual Machine Specification"/>
    <property name="sun.os.patch.level" value=""/>
    <property name="native.encoding" value="Cp1251"/>
    <property name="java.library.path" value="C:\Users\zaver\.jdks\corretto-17.0.3\bin;C:\WINDOWS\Sun\Java\bin;C:\WINDOWS\system32;C:\WINDOWS;C:\WINDOWS\system32;C:\WINDOWS;C:\WINDOWS\System32\Wbem;C:\WINDOWS\System32\WindowsPowerShell\v1.0\;C:\WINDOWS\System32\OpenSSH\;C:\Program Files\Git\cmd;C:\Users\zaver\AppData\Local\Microsoft\WindowsApps;C:\Users\zaver\AppData\Local\Programs\Microsoft VS Code\bin;C:\Users\zaver\AppData\Local\GitHubDesktop\bin;."/>
    <property name="java.vm.info" value="mixed mode, sharing"/>
    <property name="java.vendor" value="Amazon.com Inc."/>
    <property name="java.vm.version" value="17.0.3+6-LTS"/>
    <property name="sun.io.unicode.encoding" value="UnicodeLittle"/>
    <property name="java.class.version" value="61.0"/>
  </properties>
  <testcase name="testGetTotalOverpayment" classname="MainTests" time="0.047">
    <error type="java.lang.NullPointerException"><![CDATA[java.lang.NullPointerException: Cannot invoke "Main.getTotalOverpayment(int, int, double)" because "this.sut" is null
	at MainTests.testGetTotalOverpayment(MainTests.java:78)
]]></error>
    <system-out><![CDATA[Tests started.
test completed.
]]></system-out>
  </testcase>
  <testcase name="testGetMonthlyPayment" classname="MainTests" time="0.016">
    <error type="java.lang.NullPointerException"><![CDATA[java.lang.NullPointerException: Cannot invoke "Main.getMonthlyPayment(int, int, double)" because "this.sut" is null
	at MainTests.testGetMonthlyPayment(MainTests.java:40)
]]></error>
    <system-out><![CDATA[test completed.
]]></system-out>
  </testcase>
  <testcase name="testCheckDoubleEntry(Scanner, String, double)[1]" classname="MainTests" time="0.047">
    <error type="java.lang.NullPointerException"><![CDATA[java.lang.NullPointerException: Cannot invoke "Main.checkDoubleEntry(java.util.Scanner, String)" because "this.sut" is null
	at MainTests.testCheckDoubleEntry(MainTests.java:102)
]]></error>
    <system-out><![CDATA[test completed.
]]></system-out>
  </testcase>
  <testcase name="testCheckDoubleEntry(Scanner, String, double)[2]" classname="MainTests" time="0">
    <error type="java.lang.NullPointerException"><![CDATA[java.lang.NullPointerException: Cannot invoke "Main.checkDoubleEntry(java.util.Scanner, String)" because "this.sut" is null
	at MainTests.testCheckDoubleEntry(MainTests.java:102)
]]></error>
    <system-out><![CDATA[test completed.
]]></system-out>
  </testcase>
  <testcase name="testCheckIntEntry(Scanner, int, int, String, int)[1]" classname="MainTests" time="0.016">
    <error type="java.lang.NullPointerException"><![CDATA[java.lang.NullPointerException: Cannot invoke "Main.checkIntEntry(java.util.Scanner, int, int, String)" because "this.sut" is null
	at MainTests.testCheckIntEntry(MainTests.java:87)
]]></error>
    <system-out><![CDATA[test completed.
]]></system-out>
  </testcase>
  <testcase name="testCheckIntEntry(Scanner, int, int, String, int)[2]" classname="MainTests" time="0">
    <error type="java.lang.NullPointerException"><![CDATA[java.lang.NullPointerException: Cannot invoke "Main.checkIntEntry(java.util.Scanner, int, int, String)" because "this.sut" is null
	at MainTests.testCheckIntEntry(MainTests.java:87)
]]></error>
    <system-out><![CDATA[test completed.
]]></system-out>
  </testcase>
  <testcase name="testGetTotalPayment" classname="MainTests" time="0">
    <error type="java.lang.NullPointerException"><![CDATA[java.lang.NullPointerException: Cannot invoke "Main.getTotalPayment(int, int, double)" because "this.sut" is null
	at MainTests.testGetTotalPayment(MainTests.java:53)
]]></error>
    <system-out><![CDATA[test completed.
]]></system-out>
  </testcase>
  <testcase name="testGetAnnuityRatio" classname="MainTests" time="0">
    <error type="java.lang.NullPointerException"><![CDATA[java.lang.NullPointerException: Cannot invoke "Main.getAnnuityRatio(int, double)" because "this.sut" is null
	at MainTests.testGetAnnuityRatio(MainTests.java:65)
]]></error>
    <system-out><![CDATA[test completed.
]]></system-out>
  </testcase>
</testsuite>